<?xml version="1.0" encoding="UTF-8"?>
<testsuite name="TestJDBI" tests="1" skipped="0" failures="0" errors="0" timestamp="2021-01-02T00:06:39" hostname="HP-ALEX" time="0.635">
  <properties/>
  <testcase name="test_getKlanten" classname="TestJDBI" time="0.635"/>
  <system-out><![CDATA[Klant{rijksregister='50', gsm_nummer='20', naam='pot', voornaam='joqj', straat='straat0', postcode=10, nummer=50, week=60, afgehaal=false, contract_id=2, email='email0'}
Klant{rijksregister='54', gsm_nummer='63', naam='pot', voornaam='jos', straat='straat0', postcode=20, nummer=20, week=10, afgehaal=false, contract_id=5, email='email0'}
]]></system-out>
  <system-err><![CDATA[]]></system-err>
</testsuite>
